Replaced file file1.txt in replica folder with updated version from source folder.
Removed file file2.txt from replica folder as it is no longer in source
Replaced file file1.txt in replica folder with updated version from source folder.
Replaced file file1.txt in replica folder with updated version from source folder.
Replaced file file1.txt in replica folder with updated version from source folder.
Replaced file file1.txt in replica folder with updated version from source folder.
Replaced file file1.txt in replica folder with updated version from source folder.
Replaced file file1.txt in replica folder with updated version from source folder.
Replaced file file1.txt in replica folder with updated version from source folder.
Removed file old from replica folder as it is no longer in source
Replaced file file1.txt in replica folder with updated version from source folder.
Added file file1.txt in replica folder
Added file file1.txt in replica folder
Added file file1.txt in replica folder
Added file file1.txt in replica folder
Added file file1.txt in replica folder
Added file file1.txt in replica folder
Added file file1.txt in replica folder
Added file file1.txt in replica folder
Added file file1.txt in replica folder
Replaced file file1.txt in replica folder with updated version from source folder.
Replaced file file1.txt in replica folder with updated version from source folder.
Added file test.txt in replica folder
Added file test.txt in replica folder
Removed file file1.txt from replica folder as it is no longer in source
Added file file1.txt in replica folder
Removed file test.txt from replica folder as it is no longer in source
Added file test.txt in replica folder
Removed file file1.txt from replica folder as it is no longer in source
Added file file1.txt in replica folder
Removed file test.txt from replica folder as it is no longer in source
Added file test.txt in replica folder
Removed file file1.txt from replica folder as it is no longer in source
Added file file1.txt in replica folder
Removed file test.txt from replica folder as it is no longer in source
Added file test.txt in replica folder
Removed file file1.txt from replica folder as it is no longer in source
Added file file1.txt in replica folder
Removed file test.txt from replica folder as it is no longer in source
Added file file3 in replica folder
Added file test.txt in replica folder
Removed file file3 from replica folder as it is no longer in source
Replaced file test.txt in replica folder with updated version from source folder.
Replaced file test.txt in replica folder with updated version from source folder.
